e:\work\starobjectchain\examples\c_process\project.vc2015\debug\vc140.pdb
e:\work\starobjectchain\examples\c_process\project.vc2015\debug\vc140.idb
e:\work\starobjectchain\examples\c_process\project.vc2015\debug\cprocmodule_main.obj
e:\work\starobjectchain\examples\c_process\project.vc2015\debug\md5proc.obj
e:\work\starobjectchain\examples\c_process\project.vc2015\debug\srplib_main.obj
e:\work\starobjectchain\examples\c_process\project.vc2015\debug\vs_shell.obj
e:\work\starobjectchain\examples\c_process\project.vc2015\debug\cprocmodule.lib
e:\work\starobjectchain\examples\c_process\project.vc2015\debug\cprocmodule.exp
e:\work\starobjectchain\pchain.native\vs2015.project\debug\cprocmodule.lib
e:\work\starobjectchain\pchain.native\vs2015.project\debug\cprocmodule.exp
e:\work\starobjectchain\examples\c_process\cprocmodule.ilk
e:\work\starobjectchain\examples\c_process\cprocmodule.dll
e:\work\starobjectchain\examples\c_process\project.vc2015\debug\cprocmodule.pdb
e:\work\starobjectchain\pchain.native\vs2015.project\debug\cprocmodule.pdb
e:\work\starobjectchain\examples\c_process\project.vc2015\debug\cprocmodule.tlog\cl.command.1.tlog
e:\work\starobjectchain\examples\c_process\project.vc2015\debug\cprocmodule.tlog\cl.read.1.tlog
e:\work\starobjectchain\examples\c_process\project.vc2015\debug\cprocmodule.tlog\cl.write.1.tlog
e:\work\starobjectchain\examples\c_process\project.vc2015\debug\cprocmodule.tlog\cprocmodule.write.1u.tlog
e:\work\starobjectchain\examples\c_process\project.vc2015\debug\cprocmodule.tlog\link.command.1.tlog
e:\work\starobjectchain\examples\c_process\project.vc2015\debug\cprocmodule.tlog\link.read.1.tlog
e:\work\starobjectchain\examples\c_process\project.vc2015\debug\cprocmodule.tlog\link.write.1.tlog
